[32m2025-05-16 12:19:01 +0000[0m - dagster - [34mDEBUG[0m - materialize_dbt_models - de572d8d-80c3-476a-964e-7dbba53b3b99 - 54113 - LOGS_CAPTURED - Started capturing logs in process (pid: 54113).
[32m2025-05-16 12:19:01 +0000[0m - dagster - [34mDEBUG[0m - materialize_dbt_models - de572d8d-80c3-476a-964e-7dbba53b3b99 - 54113 - dbtlearn_dbt_assets - STEP_START - Started execution of step "dbtlearn_dbt_assets".
[32m2025-05-16 12:19:01 +0000[0m - dagster - [34mINFO[0m - materialize_dbt_models - de572d8d-80c3-476a-964e-7dbba53b3b99 - dbtlearn_dbt_assets - A dbt subsetted execution is not being performed. Using the default dbt selection arguments `['--select', 'fqn:*']`.
[32m2025-05-16 12:19:01 +0000[0m - dagster - [34mINFO[0m - materialize_dbt_models - de572d8d-80c3-476a-964e-7dbba53b3b99 - dbtlearn_dbt_assets - Copying `/workspaces/dbt-bootcamp-codespace/dbtlearn/target/partial_parse.msgpack` to `/workspaces/dbt-bootcamp-codespace/dbtlearn/target/dbtlearn_dbt_assets-de572d8-fb8f5d5/partial_parse.msgpack` to take advantage of partial parsing.
[32m2025-05-16 12:19:01 +0000[0m - dagster - [34mINFO[0m - materialize_dbt_models - de572d8d-80c3-476a-964e-7dbba53b3b99 - dbtlearn_dbt_assets - Running dbt command: `dbt build --select fqn:*`.
[32m2025-05-16 12:19:10 +0000[0m - dagster - [34mDEBUG[0m - materialize_dbt_models - de572d8d-80c3-476a-964e-7dbba53b3b99 - 54113 - dbtlearn_dbt_assets - STEP_OUTPUT - Yielded output "seed_full_moon_dates" of type "Nothing". (Type check passed).
[32m2025-05-16 12:19:10 +0000[0m - dagster - [34mDEBUG[0m - materialize_dbt_models - de572d8d-80c3-476a-964e-7dbba53b3b99 - 54113 - dbtlearn_dbt_assets - ASSET_MATERIALIZATION - Materialized value seed_full_moon_dates.
[32m2025-05-16 12:19:15 +0000[0m - dagster - [34mDEBUG[0m - materialize_dbt_models - de572d8d-80c3-476a-964e-7dbba53b3b99 - 54113 - dbtlearn_dbt_assets - STEP_OUTPUT - Yielded output "scd_raw_hosts" of type "Nothing". (Type check passed).
[32m2025-05-16 12:19:15 +0000[0m - dagster - [34mDEBUG[0m - materialize_dbt_models - de572d8d-80c3-476a-964e-7dbba53b3b99 - 54113 - dbtlearn_dbt_assets - ASSET_MATERIALIZATION - Materialized value scd_raw_hosts.
[32m2025-05-16 12:19:16 +0000[0m - dagster - [34mDEBUG[0m - materialize_dbt_models - de572d8d-80c3-476a-964e-7dbba53b3b99 - 54113 - dbtlearn_dbt_assets - ASSET_OBSERVATION - DagsterEventType.ASSET_OBSERVATION for step dbtlearn_dbt_assets
[32m2025-05-16 12:19:17 +0000[0m - dagster - [34mDEBUG[0m - materialize_dbt_models - de572d8d-80c3-476a-964e-7dbba53b3b99 - 54113 - dbtlearn_dbt_assets - ASSET_OBSERVATION - DagsterEventType.ASSET_OBSERVATION for step dbtlearn_dbt_assets
[32m2025-05-16 12:19:18 +0000[0m - dagster - [34mDEBUG[0m - materialize_dbt_models - de572d8d-80c3-476a-964e-7dbba53b3b99 - 54113 - dbtlearn_dbt_assets - STEP_OUTPUT - Yielded output "dim_hosts_cleansed" of type "Nothing". (Type check passed).
[32m2025-05-16 12:19:18 +0000[0m - dagster - [34mDEBUG[0m - materialize_dbt_models - de572d8d-80c3-476a-964e-7dbba53b3b99 - 54113 - dbtlearn_dbt_assets - ASSET_MATERIALIZATION - Materialized value dim_hosts_cleansed.
[32m2025-05-16 12:19:22 +0000[0m - dagster - [34mDEBUG[0m - materialize_dbt_models - de572d8d-80c3-476a-964e-7dbba53b3b99 - 54113 - dbtlearn_dbt_assets - STEP_OUTPUT - Yielded output "fct_reviews" of type "Nothing". (Type check passed).
[32m2025-05-16 12:19:22 +0000[0m - dagster - [34mDEBUG[0m - materialize_dbt_models - de572d8d-80c3-476a-964e-7dbba53b3b99 - 54113 - dbtlearn_dbt_assets - ASSET_MATERIALIZATION - Materialized value fct_reviews.
[32m2025-05-16 12:19:27 +0000[0m - dagster - [34mDEBUG[0m - materialize_dbt_models - de572d8d-80c3-476a-964e-7dbba53b3b99 - 54113 - dbtlearn_dbt_assets - STEP_OUTPUT - Yielded output "scd_raw_listings" of type "Nothing". (Type check passed).
[32m2025-05-16 12:19:27 +0000[0m - dagster - [34mDEBUG[0m - materialize_dbt_models - de572d8d-80c3-476a-964e-7dbba53b3b99 - 54113 - dbtlearn_dbt_assets - ASSET_MATERIALIZATION - Materialized value scd_raw_listings.
[32m2025-05-16 12:19:31 +0000[0m - dagster - [34mDEBUG[0m - materialize_dbt_models - de572d8d-80c3-476a-964e-7dbba53b3b99 - 54113 - dbtlearn_dbt_assets - STEP_OUTPUT - Yielded output "mart_fullmoon_reviews" of type "Nothing". (Type check passed).
[32m2025-05-16 12:19:31 +0000[0m - dagster - [34mDEBUG[0m - materialize_dbt_models - de572d8d-80c3-476a-964e-7dbba53b3b99 - 54113 - dbtlearn_dbt_assets - ASSET_MATERIALIZATION - Materialized value mart_fullmoon_reviews.
[32m2025-05-16 12:19:32 +0000[0m - dagster - [34mDEBUG[0m - materialize_dbt_models - de572d8d-80c3-476a-964e-7dbba53b3b99 - 54113 - dbtlearn_dbt_assets - STEP_OUTPUT - Yielded output "dim_listings_cleansed" of type "Nothing". (Type check passed).
[32m2025-05-16 12:19:32 +0000[0m - dagster - [34mDEBUG[0m - materialize_dbt_models - de572d8d-80c3-476a-964e-7dbba53b3b99 - 54113 - dbtlearn_dbt_assets - ASSET_MATERIALIZATION - Materialized value dim_listings_cleansed.
[32m2025-05-16 12:19:34 +0000[0m - dagster - [34mDEBUG[0m - materialize_dbt_models - de572d8d-80c3-476a-964e-7dbba53b3b99 - 54113 - dbtlearn_dbt_assets - ASSET_OBSERVATION - DagsterEventType.ASSET_OBSERVATION for step dbtlearn_dbt_assets
[32m2025-05-16 12:19:35 +0000[0m - dagster - [34mDEBUG[0m - materialize_dbt_models - de572d8d-80c3-476a-964e-7dbba53b3b99 - 54113 - dbtlearn_dbt_assets - ASSET_OBSERVATION - DagsterEventType.ASSET_OBSERVATION for step dbtlearn_dbt_assets
[32m2025-05-16 12:19:35 +0000[0m - dagster - [34mDEBUG[0m - materialize_dbt_models - de572d8d-80c3-476a-964e-7dbba53b3b99 - 54113 - dbtlearn_dbt_assets - ASSET_OBSERVATION - DagsterEventType.ASSET_OBSERVATION for step dbtlearn_dbt_assets
[32m2025-05-16 12:19:36 +0000[0m - dagster - [34mDEBUG[0m - materialize_dbt_models - de572d8d-80c3-476a-964e-7dbba53b3b99 - 54113 - dbtlearn_dbt_assets - ASSET_OBSERVATION - DagsterEventType.ASSET_OBSERVATION for step dbtlearn_dbt_assets
[32m2025-05-16 12:19:38 +0000[0m - dagster - [34mDEBUG[0m - materialize_dbt_models - de572d8d-80c3-476a-964e-7dbba53b3b99 - 54113 - dbtlearn_dbt_assets - ASSET_OBSERVATION - DagsterEventType.ASSET_OBSERVATION for step dbtlearn_dbt_assets
[32m2025-05-16 12:19:39 +0000[0m - dagster - [34mDEBUG[0m - materialize_dbt_models - de572d8d-80c3-476a-964e-7dbba53b3b99 - 54113 - dbtlearn_dbt_assets - ASSET_OBSERVATION - DagsterEventType.ASSET_OBSERVATION for step dbtlearn_dbt_assets
[32m2025-05-16 12:19:40 +0000[0m - dagster - [34mDEBUG[0m - materialize_dbt_models - de572d8d-80c3-476a-964e-7dbba53b3b99 - 54113 - dbtlearn_dbt_assets - ASSET_OBSERVATION - DagsterEventType.ASSET_OBSERVATION for step dbtlearn_dbt_assets
[32m2025-05-16 12:19:41 +0000[0m - dagster - [34mDEBUG[0m - materialize_dbt_models - de572d8d-80c3-476a-964e-7dbba53b3b99 - 54113 - dbtlearn_dbt_assets - ASSET_OBSERVATION - DagsterEventType.ASSET_OBSERVATION for step dbtlearn_dbt_assets
[32m2025-05-16 12:19:42 +0000[0m - dagster - [34mDEBUG[0m - materialize_dbt_models - de572d8d-80c3-476a-964e-7dbba53b3b99 - 54113 - dbtlearn_dbt_assets - ASSET_OBSERVATION - DagsterEventType.ASSET_OBSERVATION for step dbtlearn_dbt_assets
[32m2025-05-16 12:19:42 +0000[0m - dagster - [34mDEBUG[0m - materialize_dbt_models - de572d8d-80c3-476a-964e-7dbba53b3b99 - 54113 - dbtlearn_dbt_assets - ASSET_OBSERVATION - DagsterEventType.ASSET_OBSERVATION for step dbtlearn_dbt_assets
[32m2025-05-16 12:19:43 +0000[0m - dagster - [34mDEBUG[0m - materialize_dbt_models - de572d8d-80c3-476a-964e-7dbba53b3b99 - 54113 - dbtlearn_dbt_assets - ASSET_OBSERVATION - DagsterEventType.ASSET_OBSERVATION for step dbtlearn_dbt_assets
[32m2025-05-16 12:19:45 +0000[0m - dagster - [34mDEBUG[0m - materialize_dbt_models - de572d8d-80c3-476a-964e-7dbba53b3b99 - 54113 - dbtlearn_dbt_assets - STEP_OUTPUT - Yielded output "dim_listings_w_hosts" of type "Nothing". (Type check passed).
[32m2025-05-16 12:19:45 +0000[0m - dagster - [34mDEBUG[0m - materialize_dbt_models - de572d8d-80c3-476a-964e-7dbba53b3b99 - 54113 - dbtlearn_dbt_assets - ASSET_MATERIALIZATION - Materialized value dim_listings_w_hosts.
[32m2025-05-16 12:19:46 +0000[0m - dagster - [34mDEBUG[0m - materialize_dbt_models - de572d8d-80c3-476a-964e-7dbba53b3b99 - 54113 - dbtlearn_dbt_assets - ASSET_OBSERVATION - DagsterEventType.ASSET_OBSERVATION for step dbtlearn_dbt_assets
[32m2025-05-16 12:19:47 +0000[0m - dagster - [34mDEBUG[0m - materialize_dbt_models - de572d8d-80c3-476a-964e-7dbba53b3b99 - 54113 - dbtlearn_dbt_assets - ASSET_OBSERVATION - DagsterEventType.ASSET_OBSERVATION for step dbtlearn_dbt_assets
[32m2025-05-16 12:19:48 +0000[0m - dagster - [34mDEBUG[0m - materialize_dbt_models - de572d8d-80c3-476a-964e-7dbba53b3b99 - 54113 - dbtlearn_dbt_assets - ASSET_OBSERVATION - DagsterEventType.ASSET_OBSERVATION for step dbtlearn_dbt_assets
[32m2025-05-16 12:19:49 +0000[0m - dagster - [34mDEBUG[0m - materialize_dbt_models - de572d8d-80c3-476a-964e-7dbba53b3b99 - 54113 - dbtlearn_dbt_assets - ASSET_OBSERVATION - DagsterEventType.ASSET_OBSERVATION for step dbtlearn_dbt_assets
[32m2025-05-16 12:19:49 +0000[0m - dagster - [34mDEBUG[0m - materialize_dbt_models - de572d8d-80c3-476a-964e-7dbba53b3b99 - 54113 - dbtlearn_dbt_assets - ASSET_OBSERVATION - DagsterEventType.ASSET_OBSERVATION for step dbtlearn_dbt_assets
[32m2025-05-16 12:19:50 +0000[0m - dagster - [34mDEBUG[0m - materialize_dbt_models - de572d8d-80c3-476a-964e-7dbba53b3b99 - 54113 - dbtlearn_dbt_assets - STEP_SUCCESS - Finished execution of step "dbtlearn_dbt_assets" in 48.79s.
